[I 2023-12-19 21:26:33,070] Trial 33 finished with value: 0.925 and parameters: {'learning_rate': 2.3812686500947928e-05, 'batch_size': 16, 'embed_dim': 128, 'depth': 6}. Best is trial 31 with value: 0.9749999999999999.
6: Train Metrics(loss=0.5839028358459473, accuracy=0.875), Test Metrics(loss=0.23136606812477112, accuracy=0.875)
7: Train Metrics(loss=0.20557057857513428, accuracy=0.9375), Test Metrics(loss=0.4004850685596466, accuracy=0.75)
8: Train Metrics(loss=0.760265588760376, accuracy=0.8125), Test Metrics(loss=0.285650372505188, accuracy=0.9375)
9: Train Metrics(loss=0.3849429786205292, accuracy=0.875), Test Metrics(loss=0.49613410234451294, accuracy=0.8125)
10: Train Metrics(loss=0.34790223836898804, accuracy=0.8125), Test Metrics(loss=0.05813107267022133, accuracy=1.0)
1: Train Metrics(loss=0.2714025676250458, accuracy=0.875), Test Metrics(loss=0.6669243574142456, accuracy=0.75)
2: Train Metrics(loss=0.12278780341148376, accuracy=1.0), Test Metrics(loss=0.18597926199436188, accuracy=1.0)
3: Train Metrics(loss=0.3413798213005066, accuracy=0.875), Test Metrics(loss=0.11456102132797241, accuracy=1.0)
4: Train Metrics(loss=0.5121729373931885, accuracy=0.875), Test Metrics(loss=0.47554779052734375, accuracy=0.75)
5: Train Metrics(loss=0.3208618760108948, accuracy=1.0), Test Metrics(loss=0.11602108180522919, accuracy=0.875)
6: Train Metrics(loss=0.047833822667598724, accuracy=1.0), Test Metrics(loss=0.24206580221652985, accuracy=0.875)
7: Train Metrics(loss=0.10250747203826904, accuracy=1.0), Test Metrics(loss=0.6179451942443848, accuracy=0.625)
8: Train Metrics(loss=0.6828691363334656, accuracy=0.875), Test Metrics(loss=0.25950145721435547, accuracy=0.875)
9: Train Metrics(loss=0.09211542457342148, accuracy=1.0), Test Metrics(loss=0.028217002749443054, accuracy=1.0)
10: Train Metrics(loss=0.07573319226503372, accuracy=1.0), Test Metrics(loss=0.04791378229856491, accuracy=1.0)
1: Train Metrics(loss=0.7430465817451477, accuracy=0.75), Test Metrics(loss=0.8922315835952759, accuracy=0.671875)
2: Train Metrics(loss=0.6077980399131775, accuracy=0.8125), Test Metrics(loss=0.6350245475769043, accuracy=0.734375)
3: Train Metrics(loss=0.4886588156223297, accuracy=0.828125), Test Metrics(loss=0.558638334274292, accuracy=0.796875)
4: Train Metrics(loss=0.7681331634521484, accuracy=0.75), Test Metrics(loss=0.6224337220191956, accuracy=0.8125)
5: Train Metrics(loss=0.5050440430641174, accuracy=0.859375), Test Metrics(loss=0.5544167757034302, accuracy=0.796875)
6: Train Metrics(loss=0.38501930236816406, accuracy=0.875), Test Metrics(loss=0.465942919254303, accuracy=0.84375)
7: Train Metrics(loss=0.524463951587677, accuracy=0.859375), Test Metrics(loss=0.7776028513908386, accuracy=0.734375)
8: Train Metrics(loss=0.37142056226730347, accuracy=0.84375), Test Metrics(loss=0.4778122305870056, accuracy=0.8125)
9: Train Metrics(loss=0.4733179211616516, accuracy=0.84375), Test Metrics(loss=0.27281880378723145, accuracy=0.921875)
10: Train Metrics(loss=0.26845788955688477, accuracy=0.90625), Test Metrics(loss=0.5083646178245544, accuracy=0.875)
1: Train Metrics(loss=0.3544807434082031, accuracy=0.875), Test Metrics(loss=0.6092159748077393, accuracy=0.8125)
2: Train Metrics(loss=0.26423096656799316, accuracy=0.9375), Test Metrics(loss=0.09201036393642426, accuracy=0.9375)
3: Train Metrics(loss=0.3939507007598877, accuracy=0.8125), Test Metrics(loss=0.18772660195827484, accuracy=1.0)
4: Train Metrics(loss=0.4581218957901001, accuracy=0.8125), Test Metrics(loss=0.6347441077232361, accuracy=0.75)
5: Train Metrics(loss=0.42309460043907166, accuracy=0.875), Test Metrics(loss=0.5829464197158813, accuracy=0.875)
6: Train Metrics(loss=0.44683676958084106, accuracy=0.9375), Test Metrics(loss=0.14227166771888733, accuracy=0.9375)
7: Train Metrics(loss=0.22667592763900757, accuracy=0.9375), Test Metrics(loss=0.5069933533668518, accuracy=0.8125)
8: Train Metrics(loss=0.9873199462890625, accuracy=0.8125), Test Metrics(loss=0.10466538369655609, accuracy=1.0)
9: Train Metrics(loss=0.20443150401115417, accuracy=0.9375), Test Metrics(loss=0.07539953291416168, accuracy=1.0)
10: Train Metrics(loss=0.3324652910232544, accuracy=0.8125), Test Metrics(loss=0.03084179386496544, accuracy=1.0)
1: Train Metrics(loss=0.35898128151893616, accuracy=0.8125), Test Metrics(loss=0.4117851257324219, accuracy=0.875)
2: Train Metrics(loss=0.23768769204616547, accuracy=0.9375), Test Metrics(loss=0.06423766911029816, accuracy=1.0)
3: Train Metrics(loss=0.21315713226795197, accuracy=0.9375), Test Metrics(loss=0.25217002630233765, accuracy=0.875)
4: Train Metrics(loss=0.5791754126548767, accuracy=0.75), Test Metrics(loss=0.4466964900493622, accuracy=0.8125)
5: Train Metrics(loss=0.23472651839256287, accuracy=0.9375), Test Metrics(loss=0.44816601276397705, accuracy=0.8125)
6: Train Metrics(loss=0.4889526665210724, accuracy=0.9375), Test Metrics(loss=0.10737339407205582, accuracy=0.9375)
7: Train Metrics(loss=0.256914883852005, accuracy=0.9375), Test Metrics(loss=0.4103207588195801, accuracy=0.9375)
8: Train Metrics(loss=0.779220700263977, accuracy=0.8125), Test Metrics(loss=0.14769819378852844, accuracy=0.9375)
9: Train Metrics(loss=0.10495062172412872, accuracy=0.9375), Test Metrics(loss=0.11018126457929611, accuracy=1.0)
10: Train Metrics(loss=0.18840068578720093, accuracy=0.9375), Test Metrics(loss=0.031944070011377335, accuracy=1.0)
1: Train Metrics(loss=0.41789406538009644, accuracy=0.6875), Test Metrics(loss=0.5043591260910034, accuracy=0.9375)
2: Train Metrics(loss=0.28352853655815125, accuracy=0.9375), Test Metrics(loss=0.03641011565923691, accuracy=1.0)
3: Train Metrics(loss=0.2567688822746277, accuracy=0.875), Test Metrics(loss=0.23583143949508667, accuracy=0.9375)
4: Train Metrics(loss=0.6487905979156494, accuracy=0.75), Test Metrics(loss=0.3947422504425049, accuracy=0.75)
5: Train Metrics(loss=0.42897528409957886, accuracy=0.75), Test Metrics(loss=0.5703253746032715, accuracy=0.8125)
6: Train Metrics(loss=0.47670096158981323, accuracy=0.9375), Test Metrics(loss=0.12481308728456497, accuracy=0.9375)
7: Train Metrics(loss=0.18990874290466309, accuracy=0.9375), Test Metrics(loss=0.5155408978462219, accuracy=0.875)
8: Train Metrics(loss=0.48043107986450195, accuracy=0.875), Test Metrics(loss=0.2853977084159851, accuracy=0.875)
9: Train Metrics(loss=0.10849522799253464, accuracy=1.0), Test Metrics(loss=0.2286158800125122, accuracy=0.875)
10: Train Metrics(loss=0.2728484272956848, accuracy=0.9375), Test Metrics(loss=0.12821103632450104, accuracy=0.9375)
1: Train Metrics(loss=0.4665767252445221, accuracy=0.8125), Test Metrics(loss=0.680236279964447, accuracy=0.8125)
2: Train Metrics(loss=0.2773361802101135, accuracy=0.9375), Test Metrics(loss=0.08625403791666031, accuracy=1.0)
3: Train Metrics(loss=0.24117499589920044, accuracy=0.9375), Test Metrics(loss=0.15350458025932312, accuracy=1.0)
4: Train Metrics(loss=0.7650997042655945, accuracy=0.6875), Test Metrics(loss=0.3391460180282593, accuracy=0.8125)
5: Train Metrics(loss=0.6045454740524292, accuracy=0.75), Test Metrics(loss=0.3845033049583435, accuracy=0.8125)
6: Train Metrics(loss=0.41244298219680786, accuracy=0.9375), Test Metrics(loss=0.21108561754226685, accuracy=0.875)
7: Train Metrics(loss=0.2624398171901703, accuracy=0.9375), Test Metrics(loss=0.4817829132080078, accuracy=0.8125)
8: Train Metrics(loss=0.7335841655731201, accuracy=0.8125), Test Metrics(loss=0.30647844076156616, accuracy=0.875)
9: Train Metrics(loss=0.27519798278808594, accuracy=0.9375), Test Metrics(loss=0.17071156203746796, accuracy=0.9375)
10: Train Metrics(loss=0.39473843574523926, accuracy=0.875), Test Metrics(loss=0.0273588914424181, accuracy=1.0)
1: Train Metrics(loss=0.5948257446289062, accuracy=0.875), Test Metrics(loss=0.9590697884559631, accuracy=0.625)
2: Train Metrics(loss=0.3884292542934418, accuracy=0.8125), Test Metrics(loss=0.15069884061813354, accuracy=0.9375)
3: Train Metrics(loss=0.32455408573150635, accuracy=0.875), Test Metrics(loss=0.25545674562454224, accuracy=0.875)
4: Train Metrics(loss=0.7563925981521606, accuracy=0.6875), Test Metrics(loss=0.41635391116142273, accuracy=0.8125)
5: Train Metrics(loss=0.7371120452880859, accuracy=0.8125), Test Metrics(loss=0.3455132246017456, accuracy=0.8125)
6: Train Metrics(loss=0.446137398481369, accuracy=0.9375), Test Metrics(loss=0.08866478502750397, accuracy=1.0)
[I 2023-12-19 21:28:50,206] Trial 34 finished with value: 0.9208333333333334 and parameters: {'learning_rate': 1.661449305028847e-05, 'batch_size': 16, 'embed_dim': 128, 'depth': 6}. Best is trial 31 with value: 0.9749999999999999.
[I 2023-12-19 21:31:05,894] Trial 35 finished with value: 0.9291666666666667 and parameters: {'learning_rate': 7.164390590637172e-05, 'batch_size': 16, 'embed_dim': 128, 'depth': 6}. Best is trial 31 with value: 0.9749999999999999.
[I 2023-12-19 21:31:42,331] Trial 36 finished with value: 0.8984375 and parameters: {'learning_rate': 0.00012807696286979553, 'batch_size': 256, 'embed_dim': 128, 'depth': 5}. Best is trial 31 with value: 0.9749999999999999.
[I 2023-12-19 21:33:59,164] Trial 37 finished with value: 0.875 and parameters: {'learning_rate': 1.2018678006954934e-05, 'batch_size': 16, 'embed_dim': 128, 'depth': 6}. Best is trial 31 with value: 0.9749999999999999.
[I 2023-12-19 21:34:33,842] Trial 38 finished with value: 0.8255208333333333 and parameters: {'learning_rate': 2.5363540613679173e-05, 'batch_size': 512, 'embed_dim': 128, 'depth': 6}. Best is trial 31 with value: 0.9749999999999999.
[I 2023-12-19 21:35:24,554] Trial 39 finished with value: 0.9072916666666667 and parameters: {'learning_rate': 0.00026666272850518996, 'batch_size': 64, 'embed_dim': 64, 'depth': 3}. Best is trial 31 with value: 0.9749999999999999.
[I 2023-12-19 21:35:40,003] Trial 40 finished with value: 0.2500648468732834 and parameters: {'learning_rate': 0.04379284143682295, 'batch_size': 1028, 'embed_dim': 128, 'depth': 2}. Best is trial 31 with value: 0.9749999999999999.
7: Train Metrics(loss=0.19939430058002472, accuracy=0.9375), Test Metrics(loss=0.5675657987594604, accuracy=0.875)
8: Train Metrics(loss=0.8280794620513916, accuracy=0.8125), Test Metrics(loss=0.420905202627182, accuracy=0.875)
9: Train Metrics(loss=0.1173434928059578, accuracy=0.9375), Test Metrics(loss=0.1364608258008957, accuracy=0.9375)
10: Train Metrics(loss=0.2753720283508301, accuracy=0.9375), Test Metrics(loss=0.2266557365655899, accuracy=0.9375)
1: Train Metrics(loss=0.3731718361377716, accuracy=0.875), Test Metrics(loss=0.39655381441116333, accuracy=0.8125)
2: Train Metrics(loss=0.24744997918605804, accuracy=0.9375), Test Metrics(loss=0.027604643255472183, accuracy=1.0)
3: Train Metrics(loss=0.4230409860610962, accuracy=0.75), Test Metrics(loss=0.2411263883113861, accuracy=0.875)
4: Train Metrics(loss=0.392250657081604, accuracy=0.8125), Test Metrics(loss=0.3778913617134094, accuracy=0.8125)
5: Train Metrics(loss=0.45582079887390137, accuracy=0.875), Test Metrics(loss=0.39414966106414795, accuracy=0.875)
6: Train Metrics(loss=0.4201827645301819, accuracy=0.9375), Test Metrics(loss=0.22354106605052948, accuracy=0.9375)
7: Train Metrics(loss=0.28995048999786377, accuracy=0.9375), Test Metrics(loss=0.4999968111515045, accuracy=0.75)
8: Train Metrics(loss=0.5574889183044434, accuracy=0.8125), Test Metrics(loss=0.11931945383548737, accuracy=0.9375)
9: Train Metrics(loss=0.04506820812821388, accuracy=1.0), Test Metrics(loss=0.05555468052625656, accuracy=1.0)
10: Train Metrics(loss=0.1710880696773529, accuracy=0.9375), Test Metrics(loss=0.14772148430347443, accuracy=0.9375)
1: Train Metrics(loss=0.5228365659713745, accuracy=0.8203125), Test Metrics(loss=0.6249713897705078, accuracy=0.77734375)
2: Train Metrics(loss=0.40411093831062317, accuracy=0.859375), Test Metrics(loss=0.6097612380981445, accuracy=0.80859375)
3: Train Metrics(loss=0.42680805921554565, accuracy=0.859375), Test Metrics(loss=0.4433092176914215, accuracy=0.859375)
4: Train Metrics(loss=0.27234792709350586, accuracy=0.90625), Test Metrics(loss=0.29213976860046387, accuracy=0.8984375)
5: Train Metrics(loss=0.3650404214859009, accuracy=0.87109375), Test Metrics(loss=0.2963070869445801, accuracy=0.89453125)
6: Train Metrics(loss=0.2930675446987152, accuracy=0.91015625), Test Metrics(loss=0.39420562982559204, accuracy=0.8828125)
7: Train Metrics(loss=0.2728091776371002, accuracy=0.921875), Test Metrics(loss=0.2624233663082123, accuracy=0.91796875)
8: Train Metrics(loss=0.24865883588790894, accuracy=0.9296875), Test Metrics(loss=0.3630326986312866, accuracy=0.8828125)
9: Train Metrics(loss=0.22403937578201294, accuracy=0.9296875), Test Metrics(loss=0.3345680832862854, accuracy=0.89453125)
10: Train Metrics(loss=0.24221709370613098, accuracy=0.9140625), Test Metrics(loss=0.28571420907974243, accuracy=0.90625)
1: Train Metrics(loss=0.6961791515350342, accuracy=0.6875), Test Metrics(loss=0.8753541707992554, accuracy=0.6875)
2: Train Metrics(loss=0.37698042392730713, accuracy=0.8125), Test Metrics(loss=0.0948863998055458, accuracy=1.0)
3: Train Metrics(loss=0.34866368770599365, accuracy=0.875), Test Metrics(loss=0.26349636912345886, accuracy=0.875)
4: Train Metrics(loss=0.5728915333747864, accuracy=0.6875), Test Metrics(loss=0.7291989326477051, accuracy=0.75)
5: Train Metrics(loss=0.625390350818634, accuracy=0.8125), Test Metrics(loss=0.4479612112045288, accuracy=0.8125)
6: Train Metrics(loss=0.37816888093948364, accuracy=0.9375), Test Metrics(loss=0.21773019433021545, accuracy=0.9375)
7: Train Metrics(loss=0.24202775955200195, accuracy=0.9375), Test Metrics(loss=0.8145333528518677, accuracy=0.8125)
8: Train Metrics(loss=0.6560314893722534, accuracy=0.8125), Test Metrics(loss=0.39017271995544434, accuracy=0.875)
9: Train Metrics(loss=0.2811990976333618, accuracy=0.875), Test Metrics(loss=0.2823333442211151, accuracy=0.8125)
10: Train Metrics(loss=0.26736587285995483, accuracy=0.875), Test Metrics(loss=0.11981325596570969, accuracy=0.9375)
1: Train Metrics(loss=1.249542236328125, accuracy=0.59765625), Test Metrics(loss=1.1955361366271973, accuracy=0.625)
2: Train Metrics(loss=0.8387033939361572, accuracy=0.71484375), Test Metrics(loss=0.8317543268203735, accuracy=0.724609375)
3: Train Metrics(loss=0.7440621852874756, accuracy=0.76953125), Test Metrics(loss=0.8315384387969971, accuracy=0.716796875)
4: Train Metrics(loss=0.6092329025268555, accuracy=0.806640625), Test Metrics(loss=0.666053056716919, accuracy=0.77734375)
5: Train Metrics(loss=0.5881422758102417, accuracy=0.818359375), Test Metrics(loss=0.5906362533569336, accuracy=0.796875)
6: Train Metrics(loss=0.5355415344238281, accuracy=0.828125), Test Metrics(loss=0.5533649921417236, accuracy=0.830078125)
7: Train Metrics(loss=0.46251752972602844, accuracy=0.83984375), Test Metrics(loss=0.5973340272903442, accuracy=0.78515625)
8: Train Metrics(loss=0.44230973720550537, accuracy=0.859375), Test Metrics(loss=0.5168014168739319, accuracy=0.826171875)
9: Train Metrics(loss=0.49242642521858215, accuracy=0.845703125), Test Metrics(loss=0.5087127685546875, accuracy=0.845703125)
10: Train Metrics(loss=0.4425164759159088, accuracy=0.865234375), Test Metrics(loss=0.5371677875518799, accuracy=0.82421875)
1: Train Metrics(loss=0.5470626950263977, accuracy=0.78125), Test Metrics(loss=0.5693132281303406, accuracy=0.78125)
2: Train Metrics(loss=0.3506186604499817, accuracy=0.859375), Test Metrics(loss=0.3652878403663635, accuracy=0.90625)
3: Train Metrics(loss=0.22367510199546814, accuracy=0.921875), Test Metrics(loss=0.4562101364135742, accuracy=0.8125)
4: Train Metrics(loss=0.3673407733440399, accuracy=0.890625), Test Metrics(loss=0.3607979416847229, accuracy=0.875)
5: Train Metrics(loss=0.31634998321533203, accuracy=0.890625), Test Metrics(loss=0.3180950880050659, accuracy=0.90625)
6: Train Metrics(loss=0.21149170398712158, accuracy=0.90625), Test Metrics(loss=0.17891937494277954, accuracy=0.921875)
7: Train Metrics(loss=0.25685256719589233, accuracy=0.90625), Test Metrics(loss=0.5524170398712158, accuracy=0.875)
8: Train Metrics(loss=0.26403144001960754, accuracy=0.921875), Test Metrics(loss=0.18427999317646027, accuracy=0.921875)
9: Train Metrics(loss=0.3399481177330017, accuracy=0.90625), Test Metrics(loss=0.3075048327445984, accuracy=0.890625)
10: Train Metrics(loss=0.09497713297605515, accuracy=0.984375), Test Metrics(loss=0.2861954867839813, accuracy=0.921875)
1: Train Metrics(loss=2.3015384674072266, accuracy=0.09435797482728958), Test Metrics(loss=2.293839454650879, accuracy=0.100194551050663)
2: Train Metrics(loss=2.2736611366271973, accuracy=0.10603112727403641), Test Metrics(loss=2.2554337978363037, accuracy=0.12159533053636551)
3: Train Metrics(loss=2.0156774520874023, accuracy=0.25486379861831665), Test Metrics(loss=2.00063157081604, accuracy=0.2587548494338989)
4: Train Metrics(loss=2.019969940185547, accuracy=0.2558365762233734), Test Metrics(loss=2.027156114578247, accuracy=0.26459142565727234)
5: Train Metrics(loss=1.983591079711914, accuracy=0.25778210163116455), Test Metrics(loss=1.9837268590927124, accuracy=0.2470817118883133)
6: Train Metrics(loss=2.316363573074341, accuracy=0.1750972718000412), Test Metrics(loss=2.2992897033691406, accuracy=0.1906614750623703)
7: Train Metrics(loss=2.0034749507904053, accuracy=0.2441634237766266), Test Metrics(loss=1.9839671850204468, accuracy=0.26361867785453796)
8: Train Metrics(loss=2.104970932006836, accuracy=0.21303501725196838), Test Metrics(loss=2.041455030441284, accuracy=0.2441634237766266)
9: Train Metrics(loss=2.053298234939575, accuracy=0.26459142565727234), Test Metrics(loss=2.0525174140930176, accuracy=0.2529182732105255)
10: Train Metrics(loss=2.0417957305908203, accuracy=0.2850194573402405), Test Metrics(loss=2.04653263092041, accuracy=0.25778210163116455)
1: Train Metrics(loss=0.34230464696884155, accuracy=0.9375), Test Metrics(loss=0.7397506237030029, accuracy=0.875)
2: Train Metrics(loss=0.32398808002471924, accuracy=0.9375), Test Metrics(loss=0.10367847979068756, accuracy=0.9375)
3: Train Metrics(loss=0.21474850177764893, accuracy=0.9375), Test Metrics(loss=0.2167358696460724, accuracy=0.875)
[I 2023-12-19 21:37:20,332] Trial 41 finished with value: 0.9458333333333333 and parameters: {'learning_rate': 0.00017986490093289034, 'batch_size': 16, 'embed_dim': 16, 'depth': 6}. Best is trial 31 with value: 0.9749999999999999.
[I 2023-12-19 21:38:59,044] Trial 42 finished with value: 0.9458333333333333 and parameters: {'learning_rate': 0.00017894528873763804, 'batch_size': 16, 'embed_dim': 16, 'depth': 6}. Best is trial 31 with value: 0.9749999999999999.
[I 2023-12-19 21:40:38,119] Trial 43 finished with value: 0.8916666666666666 and parameters: {'learning_rate': 5.651952306728337e-05, 'batch_size': 16, 'embed_dim': 16, 'depth': 6}. Best is trial 31 with value: 0.9749999999999999.
[I 2023-12-19 21:42:18,157] Trial 44 finished with value: 0.7791666666666666 and parameters: {'learning_rate': 1.0181624196899959e-05, 'batch_size': 16, 'embed_dim': 16, 'depth': 6}. Best is trial 31 with value: 0.9749999999999999.
[I 2023-12-19 21:42:25,200] Trial 45 finished with value: 0.6518229166666667 and parameters: {'learning_rate': 9.13212733191968e-05, 'batch_size': 512, 'embed_dim': 16, 'depth': 1}. Best is trial 31 with value: 0.9749999999999999.
[I 2023-12-19 21:43:19,913] Trial 46 finished with value: 0.7291666666666666 and parameters: {'learning_rate': 0.0007255943053477561, 'batch_size': 128, 'embed_dim': 256, 'depth': 5}. Best is trial 31 with value: 0.9749999999999999.
