[I 2023-12-19 14:02:55,410] Trial 92 finished with value: 1.0 and parameters: {'learning_rate': 8.130636335165299e-05, 'batch_size': 16, 'embed_dim': 256, 'depth': 5, 'classifier_hiddens': 512}. Best is trial 3 with value: 1.0.
[I 2023-12-19 14:09:24,814] Trial 93 finished with value: 1.0 and parameters: {'learning_rate': 1.8696374509999325e-05, 'batch_size': 16, 'embed_dim': 256, 'depth': 5, 'classifier_hiddens': 512}. Best is trial 3 with value: 1.0.
[I 2023-12-19 14:15:56,067] Trial 94 finished with value: 1.0 and parameters: {'learning_rate': 9.303134749927999e-05, 'batch_size': 16, 'embed_dim': 256, 'depth': 5, 'classifier_hiddens': 512}. Best is trial 3 with value: 1.0.
[I 2023-12-19 14:20:25,022] Trial 95 finished with value: 1.0 and parameters: {'learning_rate': 3.157209189902512e-05, 'batch_size': 32, 'embed_dim': 256, 'depth': 4, 'classifier_hiddens': 64}. Best is trial 3 with value: 1.0.
[I 2023-12-19 14:25:29,744] Trial 96 finished with value: 1.0 and parameters: {'learning_rate': 6.546454470024251e-05, 'batch_size': 16, 'embed_dim': 32, 'depth': 6, 'classifier_hiddens': 1028}. Best is trial 3 with value: 1.0.
[I 2023-12-19 14:26:51,424] Trial 97 finished with value: 1.0 and parameters: {'learning_rate': 0.0001258720306158635, 'batch_size': 32, 'embed_dim': 128, 'depth': 1, 'classifier_hiddens': 256}. Best is trial 3 with value: 1.0.
[I 2023-12-19 14:28:01,933] Trial 98 finished with value: 0.86328125 and parameters: {'learning_rate': 1.3982599411303476e-05, 'batch_size': 512, 'embed_dim': 128, 'depth': 5, 'classifier_hiddens': 512}. Best is trial 3 with value: 1.0.
[I 2023-12-19 14:28:27,218] Trial 99 finished with value: 0.9453125 and parameters: {'learning_rate': 0.00021025163037626652, 'batch_size': 128, 'embed_dim': 32, 'depth': 2, 'classifier_hiddens': 32}. Best is trial 3 with value: 1.0.
[I 2023-12-19 14:31:23,759] Trial 100 finished with value: 0.96875 and parameters: {'learning_rate': 4.0963294484953445e-05, 'batch_size': 32, 'embed_dim': 128, 'depth': 3, 'classifier_hiddens': 1028}. Best is trial 3 with value: 1.0.
[I 2023-12-19 14:32:25,432] Trial 101 finished with value: 0.96875 and parameters: {'learning_rate': 0.00021214629081942358, 'batch_size': 32, 'embed_dim': 32, 'depth': 1, 'classifier_hiddens': 256}. Best is trial 3 with value: 1.0.
[I 2023-12-19 14:33:28,715] Trial 102 finished with value: 0.96875 and parameters: {'learning_rate': 0.0004701447054048209, 'batch_size': 32, 'embed_dim': 32, 'depth': 1, 'classifier_hiddens': 256}. Best is trial 3 with value: 1.0.
[I 2023-12-19 14:34:32,270] Trial 103 finished with value: 0.96875 and parameters: {'learning_rate': 0.00034559635528658383, 'batch_size': 32, 'embed_dim': 32, 'depth': 1, 'classifier_hiddens': 256}. Best is trial 3 with value: 1.0.
[I 2023-12-19 14:35:34,393] Trial 104 finished with value: 0.9375 and parameters: {'learning_rate': 2.4046594503159317e-05, 'batch_size': 32, 'embed_dim': 32, 'depth': 1, 'classifier_hiddens': 256}. Best is trial 3 with value: 1.0.
[I 2023-12-19 14:36:17,033] Trial 105 finished with value: 0.9375 and parameters: {'learning_rate': 0.00015080538497904013, 'batch_size': 64, 'embed_dim': 32, 'depth': 1, 'classifier_hiddens': 128}. Best is trial 3 with value: 1.0.
[I 2023-12-19 14:42:54,712] Trial 106 finished with value: 1.0 and parameters: {'learning_rate': 4.764228830325277e-05, 'batch_size': 16, 'embed_dim': 128, 'depth': 6, 'classifier_hiddens': 64}. Best is trial 3 with value: 1.0.
[I 2023-12-19 14:43:21,934] Trial 107 finished with value: 0.13618676364421844 and parameters: {'learning_rate': 0.088755694348892, 'batch_size': 1028, 'embed_dim': 256, 'depth': 1, 'classifier_hiddens': 1028}. Best is trial 3 with value: 1.0.
[I 2023-12-19 14:46:25,677] Trial 108 finished with value: 0.875 and parameters: {'learning_rate': 0.0007403777471072133, 'batch_size': 32, 'embed_dim': 128, 'depth': 3, 'classifier_hiddens': 512}. Best is trial 3 with value: 1.0.
[I 2023-12-19 14:49:34,255] Trial 109 finished with value: 1.0 and parameters: {'learning_rate': 0.00029723399512722736, 'batch_size': 32, 'embed_dim': 32, 'depth': 5, 'classifier_hiddens': 256}. Best is trial 3 with value: 1.0.
[I 2023-12-19 14:52:35,266] Trial 110 finished with value: 1.0 and parameters: {'learning_rate': 8.818531610634228e-05, 'batch_size': 16, 'embed_dim': 128, 'depth': 2, 'classifier_hiddens': 1028}. Best is trial 3 with value: 1.0.
[I 2023-12-19 14:55:33,735] Trial 111 finished with value: 1.0 and parameters: {'learning_rate': 1.5025948946452532e-05, 'batch_size': 32, 'embed_dim': 128, 'depth': 3, 'classifier_hiddens': 1028}. Best is trial 3 with value: 1.0.
[I 2023-12-19 14:58:32,289] Trial 112 finished with value: 1.0 and parameters: {'learning_rate': 1.209607709623855e-05, 'batch_size': 32, 'embed_dim': 128, 'depth': 3, 'classifier_hiddens': 1028}. Best is trial 3 with value: 1.0.
[I 2023-12-19 15:01:29,896] Trial 113 finished with value: 1.0 and parameters: {'learning_rate': 2.0510606107190142e-05, 'batch_size': 32, 'embed_dim': 128, 'depth': 3, 'classifier_hiddens': 1028}. Best is trial 3 with value: 1.0.
[I 2023-12-19 15:04:26,643] Trial 114 finished with value: 1.0 and parameters: {'learning_rate': 1.7173329940916497e-05, 'batch_size': 32, 'embed_dim': 128, 'depth': 3, 'classifier_hiddens': 1028}. Best is trial 3 with value: 1.0.
[I 2023-12-19 15:05:22,135] Trial 115 finished with value: 0.953125 and parameters: {'learning_rate': 6.157834532944268e-05, 'batch_size': 64, 'embed_dim': 128, 'depth': 1, 'classifier_hiddens': 32}. Best is trial 3 with value: 1.0.
[I 2023-12-19 15:05:52,423] Trial 116 finished with value: 0.890625 and parameters: {'learning_rate': 1.0012740390970624e-05, 'batch_size': 256, 'embed_dim': 64, 'depth': 3, 'classifier_hiddens': 64}. Best is trial 3 with value: 1.0.
[I 2023-12-19 15:09:47,897] Trial 117 finished with value: 1.0 and parameters: {'learning_rate': 2.327437796262645e-05, 'batch_size': 32, 'embed_dim': 128, 'depth': 4, 'classifier_hiddens': 1028}. Best is trial 3 with value: 1.0.
[I 2023-12-19 15:11:47,316] Trial 118 finished with value: 1.0 and parameters: {'learning_rate': 0.00024275748474147728, 'batch_size': 16, 'embed_dim': 128, 'depth': 1, 'classifier_hiddens': 512}. Best is trial 3 with value: 1.0.
[I 2023-12-19 15:15:59,653] Trial 119 finished with value: 1.0 and parameters: {'learning_rate': 2.7712611326705927e-05, 'batch_size': 32, 'embed_dim': 32, 'depth': 6, 'classifier_hiddens': 1028}. Best is trial 3 with value: 1.0.
[I 2023-12-19 15:21:37,991] Trial 120 finished with value: 1.0 and parameters: {'learning_rate': 3.2659404436812396e-05, 'batch_size': 16, 'embed_dim': 128, 'depth': 5, 'classifier_hiddens': 256}. Best is trial 3 with value: 1.0.
[I 2023-12-19 15:24:35,125] Trial 121 finished with value: 1.0 and parameters: {'learning_rate': 0.00017114252124019518, 'batch_size': 32, 'embed_dim': 128, 'depth': 3, 'classifier_hiddens': 1028}. Best is trial 3 with value: 1.0.
[I 2023-12-19 15:27:34,319] Trial 122 finished with value: 1.0 and parameters: {'learning_rate': 0.00011199783727496974, 'batch_size': 32, 'embed_dim': 128, 'depth': 3, 'classifier_hiddens': 1028}. Best is trial 3 with value: 1.0.
[I 2023-12-19 15:30:32,779] Trial 123 finished with value: 0.96875 and parameters: {'learning_rate': 1.8155887539868522e-05, 'batch_size': 32, 'embed_dim': 128, 'depth': 3, 'classifier_hiddens': 1028}. Best is trial 3 with value: 1.0.
[I 2023-12-19 15:33:31,214] Trial 124 finished with value: 0.78125 and parameters: {'learning_rate': 0.002496741003434044, 'batch_size': 32, 'embed_dim': 128, 'depth': 3, 'classifier_hiddens': 1028}. Best is trial 3 with value: 1.0.
[I 2023-12-19 15:34:05,952] Trial 125 finished with value: 0.873046875 and parameters: {'learning_rate': 3.317970038985657e-05, 'batch_size': 512, 'embed_dim': 256, 'depth': 1, 'classifier_hiddens': 64}. Best is trial 3 with value: 1.0.
[I 2023-12-19 15:36:19,083] Trial 126 finished with value: 0.96875 and parameters: {'learning_rate': 1.3741914365062816e-05, 'batch_size': 32, 'embed_dim': 128, 'depth': 2, 'classifier_hiddens': 32}. Best is trial 3 with value: 1.0.
[I 2023-12-19 15:37:26,234] Trial 127 finished with value: 0.9453125 and parameters: {'learning_rate': 5.055922040516398e-05, 'batch_size': 128, 'embed_dim': 128, 'depth': 3, 'classifier_hiddens': 128}. Best is trial 3 with value: 1.0.
[I 2023-12-19 15:39:16,812] Trial 128 finished with value: 1.0 and parameters: {'learning_rate': 7.075382332316142e-05, 'batch_size': 16, 'embed_dim': 32, 'depth': 1, 'classifier_hiddens': 1028}. Best is trial 3 with value: 1.0.
[I 2023-12-19 15:42:31,476] Trial 129 finished with value: 0.9375 and parameters: {'learning_rate': 2.5212658987363174e-05, 'batch_size': 64, 'embed_dim': 128, 'depth': 5, 'classifier_hiddens': 512}. Best is trial 3 with value: 1.0.
[I 2023-12-19 15:48:07,128] Trial 130 finished with value: 1.0 and parameters: {'learning_rate': 2.0925961156368238e-05, 'batch_size': 32, 'embed_dim': 128, 'depth': 6, 'classifier_hiddens': 64}. Best is trial 3 with value: 1.0.
[I 2023-12-19 15:51:04,497] Trial 131 finished with value: 0.96875 and parameters: {'learning_rate': 0.00014348927559560968, 'batch_size': 32, 'embed_dim': 128, 'depth': 3, 'classifier_hiddens': 1028}. Best is trial 3 with value: 1.0.
[I 2023-12-19 15:54:01,467] Trial 132 finished with value: 0.78125 and parameters: {'learning_rate': 0.0013342335268526372, 'batch_size': 32, 'embed_dim': 128, 'depth': 3, 'classifier_hiddens': 1028}. Best is trial 3 with value: 1.0.
[I 2023-12-19 15:56:58,562] Trial 133 finished with value: 1.0 and parameters: {'learning_rate': 0.0001008209156617978, 'batch_size': 32, 'embed_dim': 128, 'depth': 3, 'classifier_hiddens': 1028}. Best is trial 3 with value: 1.0.
[I 2023-12-19 15:59:55,299] Trial 134 finished with value: 1.0 and parameters: {'learning_rate': 0.00012006873353052575, 'batch_size': 32, 'embed_dim': 128, 'depth': 3, 'classifier_hiddens': 1028}. Best is trial 3 with value: 1.0.
[I 2023-12-19 16:01:37,347] Trial 135 finished with value: 1.0 and parameters: {'learning_rate': 4.028245775523239e-05, 'batch_size': 16, 'embed_dim': 32, 'depth': 1, 'classifier_hiddens': 256}. Best is trial 3 with value: 1.0.
[I 2023-12-19 16:02:41,390] Trial 136 finished with value: 0.9027237296104431 and parameters: {'learning_rate': 7.9462672682968e-05, 'batch_size': 1028, 'embed_dim': 256, 'depth': 3, 'classifier_hiddens': 1028}. Best is trial 3 with value: 1.0.
[I 2023-12-19 16:04:49,530] Trial 137 finished with value: 0.96875 and parameters: {'learning_rate': 0.00017685853405692618, 'batch_size': 32, 'embed_dim': 128, 'depth': 2, 'classifier_hiddens': 1028}. Best is trial 3 with value: 1.0.
[I 2023-12-19 16:06:01,089] Trial 138 finished with value: 1.0 and parameters: {'learning_rate': 5.6472797362346984e-05, 'batch_size': 32, 'embed_dim': 64, 'depth': 1, 'classifier_hiddens': 512}. Best is trial 3 with value: 1.0.
[I 2023-12-19 16:11:37,628] Trial 139 finished with value: 1.0 and parameters: {'learning_rate': 0.0002269522263277497, 'batch_size': 16, 'embed_dim': 128, 'depth': 5, 'classifier_hiddens': 32}. Best is trial 3 with value: 1.0.
[I 2023-12-19 16:12:02,982] Trial 140 finished with value: 0.93359375 and parameters: {'learning_rate': 0.00013223451164950936, 'batch_size': 256, 'embed_dim': 32, 'depth': 3, 'classifier_hiddens': 64}. Best is trial 3 with value: 1.0.
[I 2023-12-19 16:13:47,724] Trial 141 finished with value: 1.0 and parameters: {'learning_rate': 1.6007016171231252e-05, 'batch_size': 16, 'embed_dim': 64, 'depth': 1, 'classifier_hiddens': 512}. Best is trial 3 with value: 1.0.
[I 2023-12-19 16:15:31,556] Trial 142 finished with value: 0.9375 and parameters: {'learning_rate': 1.2923622411423179e-05, 'batch_size': 16, 'embed_dim': 64, 'depth': 1, 'classifier_hiddens': 512}. Best is trial 3 with value: 1.0.
[I 2023-12-19 16:17:16,573] Trial 143 finished with value: 1.0 and parameters: {'learning_rate': 2.4025661412535616e-05, 'batch_size': 16, 'embed_dim': 64, 'depth': 1, 'classifier_hiddens': 512}. Best is trial 3 with value: 1.0.
[I 2023-12-19 16:19:17,268] Trial 144 finished with value: 1.0 and parameters: {'learning_rate': 3.291432396903059e-05, 'batch_size': 16, 'embed_dim': 128, 'depth': 1, 'classifier_hiddens': 512}. Best is trial 3 with value: 1.0.
[I 2023-12-19 16:20:22,014] Trial 145 finished with value: 1.0 and parameters: {'learning_rate': 1.918223801676355e-05, 'batch_size': 32, 'embed_dim': 64, 'depth': 1, 'classifier_hiddens': 256}. Best is trial 3 with value: 1.0.
[I 2023-12-19 16:23:33,101] Trial 146 finished with value: 0.953125 and parameters: {'learning_rate': 2.7859145882972595e-05, 'batch_size': 64, 'embed_dim': 128, 'depth': 4, 'classifier_hiddens': 1028}. Best is trial 3 with value: 1.0.
[I 2023-12-19 16:27:34,289] Trial 147 finished with value: 0.96875 and parameters: {'learning_rate': 1.1719655694058722e-05, 'batch_size': 32, 'embed_dim': 32, 'depth': 6, 'classifier_hiddens': 512}. Best is trial 3 with value: 1.0.
[I 2023-12-19 16:29:35,114] Trial 148 finished with value: 1.0 and parameters: {'learning_rate': 9.257866338503331e-05, 'batch_size': 16, 'embed_dim': 128, 'depth': 1, 'classifier_hiddens': 1028}. Best is trial 3 with value: 1.0.
[I 2023-12-19 16:35:06,371] Trial 149 finished with value: 1.0 and parameters: {'learning_rate': 1.6888103646967445e-05, 'batch_size': 32, 'embed_dim': 256, 'depth': 5, 'classifier_hiddens': 256}. Best is trial 3 with value: 1.0.
[I 2023-12-19 16:38:14,858] Trial 150 finished with value: 1.0 and parameters: {'learning_rate': 4.46123863788189e-05, 'batch_size': 16, 'embed_dim': 64, 'depth': 3, 'classifier_hiddens': 64}. Best is trial 3 with value: 1.0.
[I 2023-12-19 16:41:13,818] Trial 151 finished with value: 1.0 and parameters: {'learning_rate': 3.026911746465699e-05, 'batch_size': 32, 'embed_dim': 32, 'depth': 5, 'classifier_hiddens': 128}. Best is trial 3 with value: 1.0.
[I 2023-12-19 16:44:14,555] Trial 152 finished with value: 1.0 and parameters: {'learning_rate': 3.8842519454288955e-05, 'batch_size': 32, 'embed_dim': 32, 'depth': 5, 'classifier_hiddens': 128}. Best is trial 3 with value: 1.0.
[I 2023-12-19 16:47:14,865] Trial 153 finished with value: 1.0 and parameters: {'learning_rate': 2.1305755447059238e-05, 'batch_size': 32, 'embed_dim': 32, 'depth': 5, 'classifier_hiddens': 128}. Best is trial 3 with value: 1.0.
[I 2023-12-19 16:50:43,064] Trial 154 finished with value: 0.96875 and parameters: {'learning_rate': 5.974093827058838e-05, 'batch_size': 32, 'embed_dim': 32, 'depth': 5, 'classifier_hiddens': 1028}. Best is trial 3 with value: 1.0.
[I 2023-12-19 16:51:08,717] Trial 155 finished with value: 0.890625 and parameters: {'learning_rate': 7.309612548785598e-05, 'batch_size': 512, 'embed_dim': 128, 'depth': 1, 'classifier_hiddens': 128}. Best is trial 3 with value: 1.0.
[I 2023-12-19 16:52:38,540] Trial 156 finished with value: 0.96875 and parameters: {'learning_rate': 0.00012012851973834318, 'batch_size': 32, 'embed_dim': 32, 'depth': 2, 'classifier_hiddens': 32}. Best is trial 3 with value: 1.0.
[I 2023-12-19 16:53:42,246] Trial 157 finished with value: 0.9296875 and parameters: {'learning_rate': 1.4446052210223214e-05, 'batch_size': 128, 'embed_dim': 128, 'depth': 3, 'classifier_hiddens': 128}. Best is trial 3 with value: 1.0.
[I 2023-12-19 16:55:01,862] Trial 158 finished with value: 1.0 and parameters: {'learning_rate': 0.00018682778772813902, 'batch_size': 32, 'embed_dim': 128, 'depth': 1, 'classifier_hiddens': 1028}. Best is trial 3 with value: 1.0.
[I 2023-12-19 16:59:23,336] Trial 159 finished with value: 1.0 and parameters: {'learning_rate': 0.00039779008968937547, 'batch_size': 16, 'embed_dim': 32, 'depth': 5, 'classifier_hiddens': 512}. Best is trial 3 with value: 1.0.
[I 2023-12-19 17:04:54,130] Trial 160 finished with value: 1.0 and parameters: {'learning_rate': 2.5436280682743237e-05, 'batch_size': 32, 'embed_dim': 128, 'depth': 6, 'classifier_hiddens': 1028}. Best is trial 3 with value: 1.0.
[I 2023-12-19 17:11:27,284] Trial 161 finished with value: 1.0 and parameters: {'learning_rate': 2.1813638761988323e-05, 'batch_size': 16, 'embed_dim': 128, 'depth': 6, 'classifier_hiddens': 256}. Best is trial 3 with value: 1.0.
[I 2023-12-19 17:18:00,227] Trial 162 finished with value: 1.0 and parameters: {'learning_rate': 3.5469335319727506e-05, 'batch_size': 16, 'embed_dim': 128, 'depth': 6, 'classifier_hiddens': 256}. Best is trial 3 with value: 1.0.
[I 2023-12-19 17:24:32,559] Trial 163 finished with value: 1.0 and parameters: {'learning_rate': 1.792566964279407e-05, 'batch_size': 16, 'embed_dim': 128, 'depth': 6, 'classifier_hiddens': 256}. Best is trial 3 with value: 1.0.
[I 2023-12-19 17:28:18,615] Trial 164 finished with value: 0.953125 and parameters: {'learning_rate': 2.5169398599179273e-05, 'batch_size': 64, 'embed_dim': 128, 'depth': 6, 'classifier_hiddens': 256}. Best is trial 3 with value: 1.0.
[I 2023-12-19 17:32:05,041] Trial 165 finished with value: 1.0 and parameters: {'learning_rate': 4.7332759594527956e-05, 'batch_size': 16, 'embed_dim': 128, 'depth': 3, 'classifier_hiddens': 256}. Best is trial 3 with value: 1.0.
[I 2023-12-19 17:32:31,718] Trial 166 finished with value: 0.7966926097869873 and parameters: {'learning_rate': 2.9989291232550493e-05, 'batch_size': 1028, 'embed_dim': 256, 'depth': 1, 'classifier_hiddens': 64}. Best is trial 3 with value: 1.0.
[I 2023-12-19 17:34:41,468] Trial 167 finished with value: 1.0 and parameters: {'learning_rate': 0.00010394838302256912, 'batch_size': 32, 'embed_dim': 128, 'depth': 2, 'classifier_hiddens': 1028}. Best is trial 3 with value: 1.0.
[I 2023-12-19 17:37:42,399] Trial 168 finished with value: 1.0 and parameters: {'learning_rate': 1.027706138103141e-05, 'batch_size': 16, 'embed_dim': 32, 'depth': 3, 'classifier_hiddens': 512}. Best is trial 3 with value: 1.0.
[I 2023-12-19 17:39:02,700] Trial 169 finished with value: 0.96875 and parameters: {'learning_rate': 1.5152967996688617e-05, 'batch_size': 32, 'embed_dim': 128, 'depth': 1, 'classifier_hiddens': 32}. Best is trial 3 with value: 1.0.
[I 2023-12-19 17:43:48,704] Trial 170 finished with value: 1.0 and parameters: {'learning_rate': 0.00015470296009838423, 'batch_size': 32, 'embed_dim': 128, 'depth': 5, 'classifier_hiddens': 1028}. Best is trial 3 with value: 1.0.
[I 2023-12-19 17:50:20,452] Trial 171 finished with value: 1.0 and parameters: {'learning_rate': 1.2047780931077318e-05, 'batch_size': 16, 'embed_dim': 128, 'depth': 6, 'classifier_hiddens': 256}. Best is trial 3 with value: 1.0.
[I 2023-12-19 17:56:56,768] Trial 172 finished with value: 0.4375 and parameters: {'learning_rate': 0.005568269015582365, 'batch_size': 16, 'embed_dim': 128, 'depth': 6, 'classifier_hiddens': 256}. Best is trial 3 with value: 1.0.
[I 2023-12-19 18:03:30,295] Trial 173 finished with value: 1.0 and parameters: {'learning_rate': 1.9517119878763335e-05, 'batch_size': 16, 'embed_dim': 128, 'depth': 6, 'classifier_hiddens': 256}. Best is trial 3 with value: 1.0.
[I 2023-12-19 18:10:02,887] Trial 174 finished with value: 1.0 and parameters: {'learning_rate': 1.522614168001716e-05, 'batch_size': 16, 'embed_dim': 128, 'depth': 6, 'classifier_hiddens': 256}. Best is trial 3 with value: 1.0.
[I 2023-12-19 18:10:57,743] Trial 175 finished with value: 0.91796875 and parameters: {'learning_rate': 2.3380745895610644e-05, 'batch_size': 256, 'embed_dim': 128, 'depth': 3, 'classifier_hiddens': 256}. Best is trial 3 with value: 1.0.
[I 2023-12-19 18:14:49,789] Trial 176 finished with value: 1.0 and parameters: {'learning_rate': 8.85315963900801e-05, 'batch_size': 16, 'embed_dim': 64, 'depth': 4, 'classifier_hiddens': 64}. Best is trial 3 with value: 1.0.
[I 2023-12-19 18:15:56,065] Trial 177 finished with value: 0.96875 and parameters: {'learning_rate': 3.7022234484769586e-05, 'batch_size': 32, 'embed_dim': 32, 'depth': 1, 'classifier_hiddens': 1028}. Best is trial 3 with value: 1.0.
[I 2023-12-19 18:19:44,958] Trial 178 finished with value: 0.921875 and parameters: {'learning_rate': 1.2958785810156442e-05, 'batch_size': 64, 'embed_dim': 128, 'depth': 6, 'classifier_hiddens': 512}. Best is trial 3 with value: 1.0.
[I 2023-12-19 18:22:42,804] Trial 179 finished with value: 1.0 and parameters: {'learning_rate': 1.8434565448499733e-05, 'batch_size': 32, 'embed_dim': 128, 'depth': 3, 'classifier_hiddens': 1028}. Best is trial 3 with value: 1.0.
[I 2023-12-19 18:24:53,078] Trial 180 finished with value: 1.0 and parameters: {'learning_rate': 2.8348600208599663e-05, 'batch_size': 16, 'embed_dim': 256, 'depth': 1, 'classifier_hiddens': 128}. Best is trial 3 with value: 1.0.
[I 2023-12-19 18:31:22,665] Trial 181 finished with value: 1.0 and parameters: {'learning_rate': 2.0522854012155692e-05, 'batch_size': 16, 'embed_dim': 128, 'depth': 6, 'classifier_hiddens': 256}. Best is trial 3 with value: 1.0.
[I 2023-12-19 18:37:54,147] Trial 182 finished with value: 1.0 and parameters: {'learning_rate': 2.5660223491305034e-05, 'batch_size': 16, 'embed_dim': 128, 'depth': 6, 'classifier_hiddens': 256}. Best is trial 3 with value: 1.0.
[I 2023-12-19 18:44:26,903] Trial 183 finished with value: 1.0 and parameters: {'learning_rate': 7.078045844264554e-05, 'batch_size': 16, 'embed_dim': 128, 'depth': 6, 'classifier_hiddens': 256}. Best is trial 3 with value: 1.0.
[I 2023-12-19 18:50:57,032] Trial 184 finished with value: 1.0 and parameters: {'learning_rate': 1.6470950890642037e-05, 'batch_size': 16, 'embed_dim': 128, 'depth': 6, 'classifier_hiddens': 256}. Best is trial 3 with value: 1.0.
[I 2023-12-19 18:53:07,691] Trial 185 finished with value: 1.0 and parameters: {'learning_rate': 3.415621578142663e-05, 'batch_size': 32, 'embed_dim': 128, 'depth': 2, 'classifier_hiddens': 1028}. Best is trial 3 with value: 1.0.
[I 2023-12-19 18:57:27,621] Trial 186 finished with value: 1.0 and parameters: {'learning_rate': 4.2324817799500946e-05, 'batch_size': 16, 'embed_dim': 32, 'depth': 5, 'classifier_hiddens': 256}. Best is trial 3 with value: 1.0.
