[I 2023-12-19 18:58:49,254] Trial 187 finished with value: 1.0 and parameters: {'learning_rate': 0.00013248225275930528, 'batch_size': 32, 'embed_dim': 128, 'depth': 1, 'classifier_hiddens': 64}. Best is trial 3 with value: 1.0.
[I 2023-12-19 18:59:35,415] Trial 188 finished with value: 0.90234375 and parameters: {'learning_rate': 5.109438728004637e-05, 'batch_size': 512, 'embed_dim': 128, 'depth': 3, 'classifier_hiddens': 512}. Best is trial 3 with value: 1.0.
[I 2023-12-19 19:00:27,578] Trial 189 finished with value: 0.8671875 and parameters: {'learning_rate': 1.2446677639290842e-05, 'batch_size': 128, 'embed_dim': 32, 'depth': 6, 'classifier_hiddens': 32}. Best is trial 3 with value: 1.0.
[I 2023-12-19 19:04:23,037] Trial 190 finished with value: 0.96875 and parameters: {'learning_rate': 2.9020085234796058e-05, 'batch_size': 32, 'embed_dim': 64, 'depth': 5, 'classifier_hiddens': 1028}. Best is trial 3 with value: 1.0.
[I 2023-12-19 19:06:25,229] Trial 191 finished with value: 1.0 and parameters: {'learning_rate': 2.230035986213607e-05, 'batch_size': 16, 'embed_dim': 128, 'depth': 1, 'classifier_hiddens': 1028}. Best is trial 3 with value: 1.0.
[I 2023-12-19 19:08:28,233] Trial 192 finished with value: 1.0 and parameters: {'learning_rate': 0.0003040719404135605, 'batch_size': 16, 'embed_dim': 128, 'depth': 1, 'classifier_hiddens': 1028}. Best is trial 3 with value: 1.0.
[I 2023-12-19 19:10:29,317] Trial 193 finished with value: 1.0 and parameters: {'learning_rate': 3.2859762144224465e-05, 'batch_size': 16, 'embed_dim': 128, 'depth': 1, 'classifier_hiddens': 1028}. Best is trial 3 with value: 1.0.
[I 2023-12-19 19:12:31,830] Trial 194 finished with value: 1.0 and parameters: {'learning_rate': 6.140810062146273e-05, 'batch_size': 16, 'embed_dim': 128, 'depth': 1, 'classifier_hiddens': 1028}. Best is trial 3 with value: 1.0.
[I 2023-12-19 19:14:32,919] Trial 195 finished with value: 1.0 and parameters: {'learning_rate': 2.3523693884377716e-05, 'batch_size': 16, 'embed_dim': 128, 'depth': 1, 'classifier_hiddens': 1028}. Best is trial 3 with value: 1.0.
[I 2023-12-19 19:17:38,147] Trial 196 finished with value: 1.0 and parameters: {'learning_rate': 0.00011056075853158441, 'batch_size': 32, 'embed_dim': 128, 'depth': 3, 'classifier_hiddens': 256}. Best is trial 3 with value: 1.0.
[I 2023-12-19 19:18:38,591] Trial 197 finished with value: 0.96875 and parameters: {'learning_rate': 4.2263798486747186e-05, 'batch_size': 64, 'embed_dim': 128, 'depth': 1, 'classifier_hiddens': 1028}. Best is trial 3 with value: 1.0.
[I 2023-12-19 19:22:13,490] Trial 198 finished with value: 1.0 and parameters: {'learning_rate': 1.7727585818014393e-05, 'batch_size': 32, 'embed_dim': 256, 'depth': 3, 'classifier_hiddens': 512}. Best is trial 3 with value: 1.0.
[I 2023-12-19 19:26:36,295] Trial 199 finished with value: 1.0 and parameters: {'learning_rate': 1.0027902278098897e-05, 'batch_size': 16, 'embed_dim': 32, 'depth': 5, 'classifier_hiddens': 64}. Best is trial 3 with value: 1.0.
[I 2023-12-19 19:27:58,327] Trial 200 finished with value: 0.96875 and parameters: {'learning_rate': 8.719998842778588e-05, 'batch_size': 32, 'embed_dim': 128, 'depth': 1, 'classifier_hiddens': 256}. Best is trial 3 with value: 1.0.
[I 2023-12-19 19:29:28,688] Trial 201 finished with value: 1.0 and parameters: {'learning_rate': 0.00039986213495447334, 'batch_size': 32, 'embed_dim': 32, 'depth': 2, 'classifier_hiddens': 32}. Best is trial 3 with value: 1.0.
[I 2023-12-19 19:30:59,017] Trial 202 finished with value: 0.96875 and parameters: {'learning_rate': 0.00045571518518581176, 'batch_size': 32, 'embed_dim': 32, 'depth': 2, 'classifier_hiddens': 32}. Best is trial 3 with value: 1.0.
[I 2023-12-19 19:32:29,472] Trial 203 finished with value: 1.0 and parameters: {'learning_rate': 0.0006259656063686408, 'batch_size': 32, 'embed_dim': 32, 'depth': 2, 'classifier_hiddens': 32}. Best is trial 3 with value: 1.0.
[I 2023-12-19 19:33:59,978] Trial 204 finished with value: 1.0 and parameters: {'learning_rate': 0.0008094136813500794, 'batch_size': 32, 'embed_dim': 32, 'depth': 2, 'classifier_hiddens': 32}. Best is trial 3 with value: 1.0.
[I 2023-12-19 19:34:14,926] Trial 205 finished with value: 0.8968871831893921 and parameters: {'learning_rate': 0.00015038248086676555, 'batch_size': 1028, 'embed_dim': 32, 'depth': 2, 'classifier_hiddens': 128}. Best is trial 3 with value: 1.0.
[I 2023-12-19 19:41:38,541] Trial 206 finished with value: 1.0 and parameters: {'learning_rate': 0.00022705335967643695, 'batch_size': 16, 'embed_dim': 128, 'depth': 6, 'classifier_hiddens': 1028}. Best is trial 3 with value: 1.0.
[I 2023-12-19 19:44:44,961] Trial 207 finished with value: 0.9375 and parameters: {'learning_rate': 0.0010555075441867233, 'batch_size': 32, 'embed_dim': 128, 'depth': 3, 'classifier_hiddens': 32}. Best is trial 3 with value: 1.0.
[I 2023-12-19 19:46:44,700] Trial 208 finished with value: 0.875 and parameters: {'learning_rate': 0.0002682068789417658, 'batch_size': 16, 'embed_dim': 128, 'depth': 1, 'classifier_hiddens': 512}. Best is trial 3 with value: 1.0.
[I 2023-12-19 19:50:40,869] Trial 209 finished with value: 1.0 and parameters: {'learning_rate': 0.00018444330237923773, 'batch_size': 32, 'embed_dim': 64, 'depth': 5, 'classifier_hiddens': 1028}. Best is trial 3 with value: 1.0.
[I 2023-12-19 19:51:11,863] Trial 210 finished with value: 0.89453125 and parameters: {'learning_rate': 3.5344862306207876e-05, 'batch_size': 256, 'embed_dim': 32, 'depth': 4, 'classifier_hiddens': 256}. Best is trial 3 with value: 1.0.
[I 2023-12-19 19:55:51,471] Trial 211 finished with value: 1.0 and parameters: {'learning_rate': 0.0002622684231693568, 'batch_size': 32, 'embed_dim': 128, 'depth': 5, 'classifier_hiddens': 512}. Best is trial 3 with value: 1.0.
[I 2023-12-19 20:00:30,133] Trial 212 finished with value: 0.96875 and parameters: {'learning_rate': 0.0003574733517587493, 'batch_size': 32, 'embed_dim': 128, 'depth': 5, 'classifier_hiddens': 512}. Best is trial 3 with value: 1.0.
[I 2023-12-19 20:05:10,515] Trial 213 finished with value: 1.0 and parameters: {'learning_rate': 0.0001865518198238057, 'batch_size': 32, 'embed_dim': 128, 'depth': 5, 'classifier_hiddens': 512}. Best is trial 3 with value: 1.0.
[I 2023-12-19 20:09:48,938] Trial 214 finished with value: 1.0 and parameters: {'learning_rate': 2.7535578997581836e-05, 'batch_size': 32, 'embed_dim': 128, 'depth': 5, 'classifier_hiddens': 512}. Best is trial 3 with value: 1.0.
[I 2023-12-19 20:15:24,584] Trial 215 finished with value: 1.0 and parameters: {'learning_rate': 1.428544416333518e-05, 'batch_size': 32, 'embed_dim': 128, 'depth': 6, 'classifier_hiddens': 64}. Best is trial 3 with value: 1.0.
[I 2023-12-19 20:19:33,162] Trial 216 finished with value: 1.0 and parameters: {'learning_rate': 2.0942474408076686e-05, 'batch_size': 16, 'embed_dim': 128, 'depth': 3, 'classifier_hiddens': 1028}. Best is trial 3 with value: 1.0.
[I 2023-12-19 20:21:04,910] Trial 217 finished with value: 0.6875 and parameters: {'learning_rate': 0.00012188964713235054, 'batch_size': 32, 'embed_dim': 256, 'depth': 1, 'classifier_hiddens': 512}. Best is trial 3 with value: 1.0.
slurmstepd: error: *** STEP 64346.0 ON ip-26-0-152-246 CANCELLED AT 2023-12-19T20:22:03 ***
slurmstepd: error: *** JOB 64346 ON ip-26-0-152-246 CANCELLED AT 2023-12-19T20:22:03 ***
srun: Job step aborted: Waiting up to 32 seconds for job step to finish.
