[I 2023-12-19 21:04:21,030] Trial 19 finished with value: 0.8791666666666667 and parameters: {'learning_rate': 0.000712808544487908, 'batch_size': 16, 'embed_dim': 64, 'depth': 5}. Best is trial 15 with value: 0.95.
4: Train Metrics(loss=0.7354689240455627, accuracy=0.78125), Test Metrics(loss=0.5103977918624878, accuracy=0.875)
5: Train Metrics(loss=0.6357287168502808, accuracy=0.65625), Test Metrics(loss=0.6280301809310913, accuracy=0.71875)
6: Train Metrics(loss=0.387917697429657, accuracy=0.875), Test Metrics(loss=0.28932181000709534, accuracy=0.90625)
7: Train Metrics(loss=0.5297344923019409, accuracy=0.75), Test Metrics(loss=0.4837353229522705, accuracy=0.84375)
8: Train Metrics(loss=0.6282464861869812, accuracy=0.78125), Test Metrics(loss=0.3271769881248474, accuracy=0.90625)
9: Train Metrics(loss=0.43626701831817627, accuracy=0.84375), Test Metrics(loss=0.4363480806350708, accuracy=0.90625)
10: Train Metrics(loss=0.32497140765190125, accuracy=0.84375), Test Metrics(loss=0.4327879250049591, accuracy=0.8125)
1: Train Metrics(loss=1.6287493705749512, accuracy=0.4609375), Test Metrics(loss=1.706126093864441, accuracy=0.3828125)
2: Train Metrics(loss=1.1217925548553467, accuracy=0.625), Test Metrics(loss=1.227484941482544, accuracy=0.5859375)
3: Train Metrics(loss=1.0059541463851929, accuracy=0.6953125), Test Metrics(loss=1.1491012573242188, accuracy=0.625)
4: Train Metrics(loss=0.8058303594589233, accuracy=0.7421875), Test Metrics(loss=0.7739575505256653, accuracy=0.7578125)
5: Train Metrics(loss=0.784802258014679, accuracy=0.7421875), Test Metrics(loss=0.6830949783325195, accuracy=0.765625)
6: Train Metrics(loss=0.7158504128456116, accuracy=0.765625), Test Metrics(loss=0.7479400038719177, accuracy=0.7734375)
7: Train Metrics(loss=0.8686672449111938, accuracy=0.703125), Test Metrics(loss=0.8411815166473389, accuracy=0.7109375)
8: Train Metrics(loss=0.8297852277755737, accuracy=0.7109375), Test Metrics(loss=0.7859712243080139, accuracy=0.75)
9: Train Metrics(loss=0.6185485124588013, accuracy=0.8203125), Test Metrics(loss=0.7212441563606262, accuracy=0.7578125)
10: Train Metrics(loss=0.6105319261550903, accuracy=0.8046875), Test Metrics(loss=0.6915960311889648, accuracy=0.8203125)
1: Train Metrics(loss=0.48830464482307434, accuracy=0.875), Test Metrics(loss=0.4796755313873291, accuracy=0.8125)
2: Train Metrics(loss=0.3441930413246155, accuracy=0.875), Test Metrics(loss=0.07858139276504517, accuracy=1.0)
3: Train Metrics(loss=0.29400435090065, accuracy=0.9375), Test Metrics(loss=0.27772608399391174, accuracy=0.9375)
4: Train Metrics(loss=0.3176538050174713, accuracy=0.8125), Test Metrics(loss=0.4870893657207489, accuracy=0.8125)
5: Train Metrics(loss=0.3915101885795593, accuracy=0.875), Test Metrics(loss=0.4302036762237549, accuracy=0.75)
6: Train Metrics(loss=0.34829238057136536, accuracy=0.9375), Test Metrics(loss=0.14555247128009796, accuracy=0.9375)
7: Train Metrics(loss=0.2991412281990051, accuracy=0.875), Test Metrics(loss=0.135004922747612, accuracy=0.9375)
8: Train Metrics(loss=0.5567262768745422, accuracy=0.875), Test Metrics(loss=0.07979169487953186, accuracy=1.0)
9: Train Metrics(loss=0.14019323885440826, accuracy=1.0), Test Metrics(loss=0.15072490274906158, accuracy=0.9375)
10: Train Metrics(loss=0.25999337434768677, accuracy=0.875), Test Metrics(loss=0.24247397482395172, accuracy=0.9375)
1: Train Metrics(loss=0.42295408248901367, accuracy=0.875), Test Metrics(loss=0.9049525260925293, accuracy=0.75)
2: Train Metrics(loss=0.2430781126022339, accuracy=0.9375), Test Metrics(loss=0.15582554042339325, accuracy=0.9375)
3: Train Metrics(loss=0.42725223302841187, accuracy=0.875), Test Metrics(loss=0.33230724930763245, accuracy=0.875)
4: Train Metrics(loss=0.39330559968948364, accuracy=0.875), Test Metrics(loss=0.2357591986656189, accuracy=0.9375)
5: Train Metrics(loss=0.3668202757835388, accuracy=0.75), Test Metrics(loss=0.6213976144790649, accuracy=0.8125)
6: Train Metrics(loss=0.33997416496276855, accuracy=0.875), Test Metrics(loss=0.12869319319725037, accuracy=0.9375)
7: Train Metrics(loss=0.14650079607963562, accuracy=0.9375), Test Metrics(loss=0.3358434736728668, accuracy=0.875)
8: Train Metrics(loss=0.6325341463088989, accuracy=0.8125), Test Metrics(loss=0.2396722435951233, accuracy=0.9375)
9: Train Metrics(loss=0.2423935979604721, accuracy=0.9375), Test Metrics(loss=0.14476072788238525, accuracy=0.9375)
10: Train Metrics(loss=0.14714962244033813, accuracy=1.0), Test Metrics(loss=0.0640084445476532, accuracy=1.0)
1: Train Metrics(loss=2.2069239616394043, accuracy=0.1875), Test Metrics(loss=2.3039958477020264, accuracy=0.0625)
2: Train Metrics(loss=2.161997079849243, accuracy=0.1875), Test Metrics(loss=1.3260363340377808, accuracy=0.3125)
3: Train Metrics(loss=2.073868751525879, accuracy=0.3125), Test Metrics(loss=2.222740650177002, accuracy=0.25)
4: Train Metrics(loss=1.713779330253601, accuracy=0.3125), Test Metrics(loss=1.9118081331253052, accuracy=0.25)
5: Train Metrics(loss=2.1550514698028564, accuracy=0.1875), Test Metrics(loss=2.116896629333496, accuracy=0.1875)
6: Train Metrics(loss=1.6693631410598755, accuracy=0.3125), Test Metrics(loss=1.8163745403289795, accuracy=0.375)
7: Train Metrics(loss=1.954899549484253, accuracy=0.25), Test Metrics(loss=1.9724944829940796, accuracy=0.375)
8: Train Metrics(loss=2.099423885345459, accuracy=0.0625), Test Metrics(loss=1.91140615940094, accuracy=0.375)
9: Train Metrics(loss=2.3361258506774902, accuracy=0.25), Test Metrics(loss=1.7593426704406738, accuracy=0.375)
10: Train Metrics(loss=2.185947895050049, accuracy=0.1875), Test Metrics(loss=1.808722734451294, accuracy=0.375)
1: Train Metrics(loss=1.5677132606506348, accuracy=0.5), Test Metrics(loss=1.1153216361999512, accuracy=0.5625)
2: Train Metrics(loss=2.020451545715332, accuracy=0.25), Test Metrics(loss=0.8044558763504028, accuracy=0.6875)
3: Train Metrics(loss=1.0749176740646362, accuracy=0.6875), Test Metrics(loss=1.3671345710754395, accuracy=0.4375)
4: Train Metrics(loss=1.2248347997665405, accuracy=0.625), Test Metrics(loss=1.4091041088104248, accuracy=0.4375)
5: Train Metrics(loss=1.5671167373657227, accuracy=0.375), Test Metrics(loss=1.5270581245422363, accuracy=0.4375)
6: Train Metrics(loss=1.4698491096496582, accuracy=0.3125), Test Metrics(loss=1.0977511405944824, accuracy=0.625)
7: Train Metrics(loss=0.9739376902580261, accuracy=0.625), Test Metrics(loss=1.1613572835922241, accuracy=0.5)
8: Train Metrics(loss=1.4189317226409912, accuracy=0.625), Test Metrics(loss=1.1960597038269043, accuracy=0.5)
9: Train Metrics(loss=1.152073621749878, accuracy=0.5), Test Metrics(loss=1.7272840738296509, accuracy=0.4375)
10: Train Metrics(loss=1.4320513010025024, accuracy=0.375), Test Metrics(loss=1.346073865890503, accuracy=0.5)
1: Train Metrics(loss=0.2549700438976288, accuracy=0.9375), Test Metrics(loss=0.4611296057701111, accuracy=0.875)
2: Train Metrics(loss=0.2268705815076828, accuracy=0.875), Test Metrics(loss=0.15768304467201233, accuracy=0.9375)
3: Train Metrics(loss=0.29952502250671387, accuracy=0.9375), Test Metrics(loss=0.20928356051445007, accuracy=0.9375)
4: Train Metrics(loss=0.40269964933395386, accuracy=0.8125), Test Metrics(loss=0.49521756172180176, accuracy=0.6875)
5: Train Metrics(loss=0.4262087345123291, accuracy=0.8125), Test Metrics(loss=0.5113086700439453, accuracy=0.8125)
6: Train Metrics(loss=0.3112679123878479, accuracy=0.9375), Test Metrics(loss=0.1709344983100891, accuracy=0.875)
7: Train Metrics(loss=0.37911292910575867, accuracy=0.9375), Test Metrics(loss=0.4267479181289673, accuracy=0.75)
8: Train Metrics(loss=0.6124288439750671, accuracy=0.75), Test Metrics(loss=0.2930135130882263, accuracy=0.875)
9: Train Metrics(loss=0.0674826055765152, accuracy=1.0), Test Metrics(loss=0.40709665417671204, accuracy=0.875)
10: Train Metrics(loss=0.1544051170349121, accuracy=0.9375), Test Metrics(loss=0.15372321009635925, accuracy=0.9375)
1: Train Metrics(loss=1.3928465843200684, accuracy=0.5625), Test Metrics(loss=1.5549213886260986, accuracy=0.5625)
2: Train Metrics(loss=1.500720739364624, accuracy=0.5), Test Metrics(loss=1.2765687704086304, accuracy=0.5625)
3: Train Metrics(loss=1.2181639671325684, accuracy=0.5), Test Metrics(loss=1.4540469646453857, accuracy=0.4375)
4: Train Metrics(loss=1.5429561138153076, accuracy=0.25), Test Metrics(loss=1.7310463190078735, accuracy=0.375)
[I 2023-12-19 21:06:00,686] Trial 20 finished with value: 0.3041666666666667 and parameters: {'learning_rate': 0.012907627214036972, 'batch_size': 16, 'embed_dim': 64, 'depth': 5}. Best is trial 15 with value: 0.95.
[I 2023-12-19 21:08:46,101] Trial 21 finished with value: 0.9333333333333332 and parameters: {'learning_rate': 0.0005902799565601288, 'batch_size': 8, 'embed_dim': 32, 'depth': 6}. Best is trial 15 with value: 0.95.
[I 2023-12-19 21:10:24,166] Trial 22 finished with value: 0.8083333333333333 and parameters: {'learning_rate': 0.0016359022229975471, 'batch_size': 16, 'embed_dim': 64, 'depth': 5}. Best is trial 15 with value: 0.95.
[I 2023-12-19 21:10:41,354] Trial 23 finished with value: 0.7098958333333333 and parameters: {'learning_rate': 0.00016787152247935635, 'batch_size': 256, 'embed_dim': 8, 'depth': 5}. Best is trial 15 with value: 0.95.
[I 2023-12-19 21:13:30,807] Trial 24 finished with value: 0.9166666666666666 and parameters: {'learning_rate': 0.0004631721329271587, 'batch_size': 8, 'embed_dim': 32, 'depth': 6}. Best is trial 15 with value: 0.95.
[I 2023-12-19 21:13:57,965] Trial 25 finished with value: 0.90625 and parameters: {'learning_rate': 0.0015191964565009714, 'batch_size': 128, 'embed_dim': 64, 'depth': 5}. Best is trial 15 with value: 0.95.
[I 2023-12-19 21:14:48,656] Trial 26 finished with value: 0.5583333333333333 and parameters: {'learning_rate': 0.004007936167521852, 'batch_size': 16, 'embed_dim': 64, 'depth': 2}. Best is trial 15 with value: 0.95.
5: Train Metrics(loss=1.834977388381958, accuracy=0.4375), Test Metrics(loss=1.8515313863754272, accuracy=0.3125)
6: Train Metrics(loss=1.8368232250213623, accuracy=0.375), Test Metrics(loss=1.8028050661087036, accuracy=0.5)
7: Train Metrics(loss=1.684614896774292, accuracy=0.375), Test Metrics(loss=2.2995667457580566, accuracy=0.1875)
8: Train Metrics(loss=1.7478771209716797, accuracy=0.3125), Test Metrics(loss=1.7920655012130737, accuracy=0.375)
9: Train Metrics(loss=2.0547144412994385, accuracy=0.125), Test Metrics(loss=1.9489985704421997, accuracy=0.25)
10: Train Metrics(loss=2.006692409515381, accuracy=0.4375), Test Metrics(loss=2.022465944290161, accuracy=0.3125)
1: Train Metrics(loss=0.38847482204437256, accuracy=0.875), Test Metrics(loss=0.3149757385253906, accuracy=0.875)
2: Train Metrics(loss=0.20561295747756958, accuracy=0.875), Test Metrics(loss=0.10519538074731827, accuracy=1.0)
3: Train Metrics(loss=0.27571195363998413, accuracy=0.875), Test Metrics(loss=0.1469331979751587, accuracy=0.875)
4: Train Metrics(loss=0.33522331714630127, accuracy=0.875), Test Metrics(loss=0.5127172470092773, accuracy=0.75)
5: Train Metrics(loss=0.2864188551902771, accuracy=0.875), Test Metrics(loss=0.02053571492433548, accuracy=1.0)
6: Train Metrics(loss=0.01912711374461651, accuracy=1.0), Test Metrics(loss=0.12402261048555374, accuracy=0.875)
7: Train Metrics(loss=0.13967487215995789, accuracy=1.0), Test Metrics(loss=0.5900048613548279, accuracy=0.875)
8: Train Metrics(loss=0.719637930393219, accuracy=0.875), Test Metrics(loss=0.05376646667718887, accuracy=1.0)
9: Train Metrics(loss=0.011832445859909058, accuracy=1.0), Test Metrics(loss=0.005632867105305195, accuracy=1.0)
10: Train Metrics(loss=0.11683318018913269, accuracy=1.0), Test Metrics(loss=0.10620718449354172, accuracy=0.875)
1: Train Metrics(loss=0.3332900404930115, accuracy=1.0), Test Metrics(loss=1.0843249559402466, accuracy=0.6875)
2: Train Metrics(loss=0.5345706939697266, accuracy=0.8125), Test Metrics(loss=0.2418927252292633, accuracy=0.875)
3: Train Metrics(loss=0.862833559513092, accuracy=0.6875), Test Metrics(loss=0.599531352519989, accuracy=0.8125)
4: Train Metrics(loss=0.7671154141426086, accuracy=0.625), Test Metrics(loss=0.8321553468704224, accuracy=0.6875)
5: Train Metrics(loss=1.0770280361175537, accuracy=0.5625), Test Metrics(loss=1.0063596963882446, accuracy=0.625)
6: Train Metrics(loss=0.8045399785041809, accuracy=0.6875), Test Metrics(loss=0.7510969042778015, accuracy=0.75)
7: Train Metrics(loss=0.5313591957092285, accuracy=0.8125), Test Metrics(loss=1.0455962419509888, accuracy=0.6875)
8: Train Metrics(loss=1.0365586280822754, accuracy=0.6875), Test Metrics(loss=0.7899712920188904, accuracy=0.6875)
9: Train Metrics(loss=0.8659553527832031, accuracy=0.8125), Test Metrics(loss=0.6313743591308594, accuracy=0.8125)
10: Train Metrics(loss=0.8790728449821472, accuracy=0.6875), Test Metrics(loss=0.4278888702392578, accuracy=0.9375)
1: Train Metrics(loss=1.9363694190979004, accuracy=0.34765625), Test Metrics(loss=1.9518418312072754, accuracy=0.32421875)
2: Train Metrics(loss=1.5710804462432861, accuracy=0.5), Test Metrics(loss=1.6450388431549072, accuracy=0.4296875)
3: Train Metrics(loss=1.4529434442520142, accuracy=0.5078125), Test Metrics(loss=1.337808609008789, accuracy=0.56640625)
4: Train Metrics(loss=1.1953243017196655, accuracy=0.63671875), Test Metrics(loss=1.1903138160705566, accuracy=0.65234375)
5: Train Metrics(loss=1.2113817930221558, accuracy=0.62890625), Test Metrics(loss=1.1391342878341675, accuracy=0.640625)
6: Train Metrics(loss=1.0773491859436035, accuracy=0.6875), Test Metrics(loss=1.068587303161621, accuracy=0.65234375)
7: Train Metrics(loss=1.0189235210418701, accuracy=0.66796875), Test Metrics(loss=0.8825042247772217, accuracy=0.74609375)
8: Train Metrics(loss=0.9641951322555542, accuracy=0.65625), Test Metrics(loss=0.8874542713165283, accuracy=0.71875)
9: Train Metrics(loss=0.9349797368049622, accuracy=0.72265625), Test Metrics(loss=0.9396275281906128, accuracy=0.68359375)
10: Train Metrics(loss=0.7688976526260376, accuracy=0.75), Test Metrics(loss=0.8463770151138306, accuracy=0.72265625)
1: Train Metrics(loss=0.3245617747306824, accuracy=0.875), Test Metrics(loss=0.526731014251709, accuracy=0.75)
2: Train Metrics(loss=0.06088403984904289, accuracy=1.0), Test Metrics(loss=0.17864304780960083, accuracy=0.875)
3: Train Metrics(loss=0.3312205672264099, accuracy=0.75), Test Metrics(loss=0.08242934197187424, accuracy=1.0)
4: Train Metrics(loss=0.0465567372739315, accuracy=1.0), Test Metrics(loss=0.3728829622268677, accuracy=0.875)
5: Train Metrics(loss=0.42705124616622925, accuracy=0.75), Test Metrics(loss=0.04048774763941765, accuracy=1.0)
6: Train Metrics(loss=0.05117151141166687, accuracy=1.0), Test Metrics(loss=0.5912280678749084, accuracy=0.875)
7: Train Metrics(loss=0.14176717400550842, accuracy=1.0), Test Metrics(loss=0.11585956066846848, accuracy=1.0)
8: Train Metrics(loss=0.6891559362411499, accuracy=0.875), Test Metrics(loss=0.0149845527485013, accuracy=1.0)
9: Train Metrics(loss=0.05057571828365326, accuracy=1.0), Test Metrics(loss=0.10304294526576996, accuracy=0.875)
10: Train Metrics(loss=0.011378318071365356, accuracy=1.0), Test Metrics(loss=0.26957130432128906, accuracy=0.875)
1: Train Metrics(loss=0.39103931188583374, accuracy=0.8671875), Test Metrics(loss=0.531143307685852, accuracy=0.8046875)
2: Train Metrics(loss=0.2713952660560608, accuracy=0.9140625), Test Metrics(loss=0.4753381609916687, accuracy=0.84375)
3: Train Metrics(loss=0.35552066564559937, accuracy=0.890625), Test Metrics(loss=0.452871710062027, accuracy=0.8359375)
4: Train Metrics(loss=0.2292863428592682, accuracy=0.9375), Test Metrics(loss=0.3552992343902588, accuracy=0.90625)
5: Train Metrics(loss=0.23909826576709747, accuracy=0.90625), Test Metrics(loss=0.2751997113227844, accuracy=0.90625)
6: Train Metrics(loss=0.1500801295042038, accuracy=0.9375), Test Metrics(loss=0.2864968180656433, accuracy=0.90625)
7: Train Metrics(loss=0.21906547248363495, accuracy=0.90625), Test Metrics(loss=0.30475547909736633, accuracy=0.9140625)
8: Train Metrics(loss=0.2314695119857788, accuracy=0.9375), Test Metrics(loss=0.3330598473548889, accuracy=0.875)
9: Train Metrics(loss=0.19690385460853577, accuracy=0.9296875), Test Metrics(loss=0.3664822280406952, accuracy=0.90625)
10: Train Metrics(loss=0.19429248571395874, accuracy=0.90625), Test Metrics(loss=0.2884533703327179, accuracy=0.921875)
1: Train Metrics(loss=1.2559592723846436, accuracy=0.4375), Test Metrics(loss=1.4361310005187988, accuracy=0.5625)
2: Train Metrics(loss=0.9733566641807556, accuracy=0.625), Test Metrics(loss=0.6531969904899597, accuracy=0.75)
3: Train Metrics(loss=0.9253185391426086, accuracy=0.625), Test Metrics(loss=1.1815805435180664, accuracy=0.5)
4: Train Metrics(loss=0.969362735748291, accuracy=0.75), Test Metrics(loss=1.0075162649154663, accuracy=0.5625)
5: Train Metrics(loss=0.6282690763473511, accuracy=0.8125), Test Metrics(loss=1.223253846168518, accuracy=0.5)
6: Train Metrics(loss=0.9445937275886536, accuracy=0.6875), Test Metrics(loss=0.9642031192779541, accuracy=0.75)
7: Train Metrics(loss=1.0262160301208496, accuracy=0.625), Test Metrics(loss=1.6755211353302002, accuracy=0.375)
8: Train Metrics(loss=1.452901840209961, accuracy=0.5625), Test Metrics(loss=1.258285403251648, accuracy=0.5)
9: Train Metrics(loss=1.1002302169799805, accuracy=0.5), Test Metrics(loss=1.3050874471664429, accuracy=0.5625)
10: Train Metrics(loss=1.2663073539733887, accuracy=0.5625), Test Metrics(loss=1.0199668407440186, accuracy=0.625)
1: Train Metrics(loss=0.7863147258758545, accuracy=0.75), Test Metrics(loss=0.6032785177230835, accuracy=0.8125)
2: Train Metrics(loss=0.48692429065704346, accuracy=0.8125), Test Metrics(loss=0.27068883180618286, accuracy=0.875)
3: Train Metrics(loss=0.2793883681297302, accuracy=0.9375), Test Metrics(loss=0.28501278162002563, accuracy=0.875)
4: Train Metrics(loss=0.3124941289424896, accuracy=0.875), Test Metrics(loss=0.27735283970832825, accuracy=0.875)
5: Train Metrics(loss=0.5944947004318237, accuracy=0.75), Test Metrics(loss=0.3552298843860626, accuracy=0.875)
[I 2023-12-19 21:15:52,994] Trial 27 finished with value: 0.8958333333333333 and parameters: {'learning_rate': 5.6917246249021686e-05, 'batch_size': 16, 'embed_dim': 32, 'depth': 3}. Best is trial 15 with value: 0.95.
[I 2023-12-19 21:16:58,859] Trial 28 finished with value: 0.9166666666666665 and parameters: {'learning_rate': 0.00025378767837125744, 'batch_size': 8, 'embed_dim': 64, 'depth': 1}. Best is trial 15 with value: 0.95.
[I 2023-12-19 21:17:23,740] Trial 29 finished with value: 0.8541666666666666 and parameters: {'learning_rate': 0.0010005243147134335, 'batch_size': 64, 'embed_dim': 8, 'depth': 3}. Best is trial 15 with value: 0.95.
[I 2023-12-19 21:19:43,805] Trial 30 finished with value: 0.9708333333333332 and parameters: {'learning_rate': 2.879053262981407e-05, 'batch_size': 16, 'embed_dim': 128, 'depth': 6}. Best is trial 30 with value: 0.9708333333333332.
[I 2023-12-19 21:21:59,654] Trial 31 finished with value: 0.9749999999999999 and parameters: {'learning_rate': 2.408032169652253e-05, 'batch_size': 16, 'embed_dim': 128, 'depth': 6}. Best is trial 31 with value: 0.9749999999999999.
[I 2023-12-19 21:24:16,668] Trial 32 finished with value: 0.9 and parameters: {'learning_rate': 3.292186161407109e-05, 'batch_size': 16, 'embed_dim': 128, 'depth': 6}. Best is trial 31 with value: 0.9749999999999999.
